<?xml version="1.0" encoding="UTF-8"?>
<coverage generated="1540764039348" clover="3.2.0">
  <project timestamp="1540764039348" name="All files">
    <metrics statements="87" coveredstatements="77" conditionals="41" coveredconditionals="39" methods="23" coveredmethods="20" elements="151" coveredelements="136" complexity="0" loc="87" ncloc="87" packages="2" files="3" classes="3">
      <package name="logic">
        <metrics statements="52" coveredstatements="49" conditionals="41" coveredconditionals="39" methods="14" coveredmethods="13"/>
        <file name="board.js" path="C:\Users\Tomas\Documents\HR\3. onn tolvunarfraedi\Hugbúnaðarfræði\LateTermAssignment\LateTermAssignment\src\logic\board.js">
          <metrics statements="16" coveredstatements="13" conditionals="10" coveredconditionals="8" methods="6" coveredmethods="5"/>
          <line num="3" count="21" type="stmt"/>
          <line num="7" count="2" type="stmt"/>
          <line num="12" count="13" type="stmt"/>
          <line num="13" count="13" type="stmt"/>
          <line num="14" count="13" type="stmt"/>
          <line num="15" count="117" type="cond" truecount="2" falsecount="0"/>
          <line num="16" count="75" type="stmt"/>
          <line num="18" count="13" type="stmt"/>
          <line num="23" count="5" type="cond" truecount="3" falsecount="1"/>
          <line num="24" count="0" type="stmt"/>
          <line num="25" count="5" type="stmt"/>
          <line num="29" count="191" type="cond" truecount="3" falsecount="1"/>
          <line num="30" count="0" type="stmt"/>
          <line num="31" count="191" type="stmt"/>
          <line num="34" count="0" type="stmt"/>
          <line num="38" count="2" type="stmt"/>
        </file>
        <file name="tic.js" path="C:\Users\Tomas\Documents\HR\3. onn tolvunarfraedi\Hugbúnaðarfræði\LateTermAssignment\LateTermAssignment\src\logic\tic.js">
          <metrics statements="36" coveredstatements="36" conditionals="31" coveredconditionals="31" methods="8" coveredmethods="8"/>
          <line num="1" count="2" type="stmt"/>
          <line num="8" count="20" type="stmt"/>
          <line num="9" count="20" type="stmt"/>
          <line num="10" count="20" type="stmt"/>
          <line num="14" count="8" type="cond" truecount="5" falsecount="0"/>
          <line num="15" count="3" type="stmt"/>
          <line num="17" count="5" type="cond" truecount="2" falsecount="0"/>
          <line num="18" count="4" type="stmt"/>
          <line num="19" count="4" type="stmt"/>
          <line num="22" count="1" type="stmt"/>
          <line num="23" count="1" type="stmt"/>
          <line num="27" count="5" type="stmt"/>
          <line num="28" count="5" type="stmt"/>
          <line num="32" count="13" type="stmt"/>
          <line num="33" count="13" type="stmt"/>
          <line num="34" count="13" type="cond" truecount="2" falsecount="0"/>
          <line num="35" count="7" type="stmt"/>
          <line num="38" count="3" type="stmt"/>
          <line num="41" count="3" type="stmt"/>
          <line num="44" count="12" type="stmt"/>
          <line num="46" count="30" type="cond" truecount="5" falsecount="0"/>
          <line num="47" count="3" type="stmt"/>
          <line num="49" count="27" type="cond" truecount="5" falsecount="0"/>
          <line num="50" count="3" type="stmt"/>
          <line num="53" count="6" type="cond" truecount="5" falsecount="0"/>
          <line num="54" count="1" type="stmt"/>
          <line num="55" count="5" type="cond" truecount="5" falsecount="0"/>
          <line num="56" count="1" type="stmt"/>
          <line num="58" count="4" type="cond" truecount="2" falsecount="0"/>
          <line num="59" count="1" type="stmt"/>
          <line num="60" count="3" type="stmt"/>
          <line num="64" count="1" type="stmt"/>
          <line num="68" count="1" type="stmt"/>
          <line num="69" count="1" type="stmt"/>
          <line num="70" count="1" type="stmt"/>
          <line num="74" count="2" type="stmt"/>
        </file>
      </package>
      <package name="server">
        <metrics statements="35" coveredstatements="28" conditionals="0" coveredconditionals="0" methods="9" coveredmethods="7"/>
        <file name="api.js" path="C:\Users\Tomas\Documents\HR\3. onn tolvunarfraedi\Hugbúnaðarfræði\LateTermAssignment\LateTermAssignment\src\server\api.js">
          <metrics statements="35" coveredstatements="28" conditionals="0" coveredconditionals="0" methods="9" coveredmethods="7"/>
          <line num="3" count="1" type="stmt"/>
          <line num="4" count="1" type="stmt"/>
          <line num="5" count="1" type="stmt"/>
          <line num="6" count="1" type="stmt"/>
          <line num="7" count="1" type="stmt"/>
          <line num="9" count="1" type="stmt"/>
          <line num="12" count="1" type="stmt"/>
          <line num="13" count="1" type="stmt"/>
          <line num="14" count="1" type="stmt"/>
          <line num="20" count="1" type="stmt"/>
          <line num="21" count="0" type="stmt"/>
          <line num="22" count="0" type="stmt"/>
          <line num="23" count="0" type="stmt"/>
          <line num="24" count="0" type="stmt"/>
          <line num="29" count="1" type="stmt"/>
          <line num="30" count="2" type="stmt"/>
          <line num="31" count="2" type="stmt"/>
          <line num="36" count="1" type="stmt"/>
          <line num="37" count="0" type="stmt"/>
          <line num="38" count="0" type="stmt"/>
          <line num="39" count="0" type="stmt"/>
          <line num="43" count="1" type="stmt"/>
          <line num="44" count="1" type="stmt"/>
          <line num="45" count="1" type="stmt"/>
          <line num="49" count="1" type="stmt"/>
          <line num="50" count="1" type="stmt"/>
          <line num="53" count="1" type="stmt"/>
          <line num="54" count="1" type="stmt"/>
          <line num="57" count="1" type="stmt"/>
          <line num="61" count="1" type="stmt"/>
          <line num="62" count="1" type="stmt"/>
          <line num="66" count="1" type="stmt"/>
          <line num="67" count="1" type="stmt"/>
          <line num="70" count="1" type="stmt"/>
          <line num="72" count="1" type="stmt"/>
        </file>
      </package>
    </metrics>
  </project>
</coverage>
