{"C:\\Users\\Lenovo\\Desktop\\Hugb\\lta\\ltamaster\\LateTermAssignment\\src\\logic\\board.js": {"path":"C:\\Users\\Lenovo\\Desktop\\Hugb\\lta\\ltamaster\\LateTermAssignment\\src\\logic\\board.js","statementMap":{"0":{"start":{"line":3,"column":8},"end":{"line":3,"column":50}},"1":{"start":{"line":7,"column":8},"end":{"line":7,"column":26}},"2":{"start":{"line":12,"column":8},"end":{"line":12,"column":30}},"3":{"start":{"line":13,"column":22},"end":{"line":13,"column":23}},"4":{"start":{"line":14,"column":8},"end":{"line":17,"column":9}},"5":{"start":{"line":15,"column":12},"end":{"line":16,"column":26}},"6":{"start":{"line":16,"column":16},"end":{"line":16,"column":26}},"7":{"start":{"line":18,"column":8},"end":{"line":18,"column":23}},"8":{"start":{"line":23,"column":8},"end":{"line":24,"column":39}},"9":{"start":{"line":24,"column":12},"end":{"line":24,"column":39}},"10":{"start":{"line":25,"column":8},"end":{"line":25,"column":38}},"11":{"start":{"line":29,"column":8},"end":{"line":30,"column":39}},"12":{"start":{"line":30,"column":12},"end":{"line":30,"column":39}},"13":{"start":{"line":31,"column":8},"end":{"line":31,"column":33}},"14":{"start":{"line":34,"column":8},"end":{"line":34,"column":50}},"15":{"start":{"line":38,"column":0},"end":{"line":38,"column":23}}},"fnMap":{"0":{"name":"(anonymous_0)","decl":{"start":{"line":2,"column":4},"end":{"line":2,"column":5}},"loc":{"start":{"line":2,"column":17},"end":{"line":4,"column":5}},"line":2},"1":{"name":"(anonymous_1)","decl":{"start":{"line":6,"column":4},"end":{"line":6,"column":5}},"loc":{"start":{"line":6,"column":15},"end":{"line":8,"column":5}},"line":6},"2":{"name":"(anonymous_2)","decl":{"start":{"line":11,"column":4},"end":{"line":11,"column":5}},"loc":{"start":{"line":11,"column":23},"end":{"line":19,"column":5}},"line":11},"3":{"name":"(anonymous_3)","decl":{"start":{"line":22,"column":4},"end":{"line":22,"column":5}},"loc":{"start":{"line":22,"column":30},"end":{"line":26,"column":5}},"line":22},"4":{"name":"(anonymous_4)","decl":{"start":{"line":28,"column":4},"end":{"line":28,"column":5}},"loc":{"start":{"line":28,"column":19},"end":{"line":32,"column":5}},"line":28},"5":{"name":"(anonymous_5)","decl":{"start":{"line":33,"column":4},"end":{"line":33,"column":5}},"loc":{"start":{"line":33,"column":16},"end":{"line":35,"column":5}},"line":33}},"branchMap":{"0":{"loc":{"start":{"line":15,"column":12},"end":{"line":16,"column":26}},"type":"if","locations":[{"start":{"line":15,"column":12},"end":{"line":16,"column":26}},{"start":{"line":15,"column":12},"end":{"line":16,"column":26}}],"line":15},"1":{"loc":{"start":{"line":23,"column":8},"end":{"line":24,"column":39}},"type":"if","locations":[{"start":{"line":23,"column":8},"end":{"line":24,"column":39}},{"start":{"line":23,"column":8},"end":{"line":24,"column":39}}],"line":23},"2":{"loc":{"start":{"line":23,"column":11},"end":{"line":23,"column":33}},"type":"binary-expr","locations":[{"start":{"line":23,"column":11},"end":{"line":23,"column":20}},{"start":{"line":23,"column":24},"end":{"line":23,"column":33}}],"line":23},"3":{"loc":{"start":{"line":29,"column":8},"end":{"line":30,"column":39}},"type":"if","locations":[{"start":{"line":29,"column":8},"end":{"line":30,"column":39}},{"start":{"line":29,"column":8},"end":{"line":30,"column":39}}],"line":29},"4":{"loc":{"start":{"line":29,"column":11},"end":{"line":29,"column":33}},"type":"binary-expr","locations":[{"start":{"line":29,"column":11},"end":{"line":29,"column":20}},{"start":{"line":29,"column":24},"end":{"line":29,"column":33}}],"line":29}},"s":{"0":21,"1":2,"2":13,"3":13,"4":13,"5":117,"6":75,"7":13,"8":5,"9":0,"10":5,"11":191,"12":0,"13":191,"14":0,"15":2},"f":{"0":21,"1":2,"2":13,"3":5,"4":191,"5":0},"b":{"0":[75,42],"1":[0,5],"2":[5,5],"3":[0,191],"4":[191,191]},"_coverageSchema":"332fd63041d2c1bcb487cc26dd0d5f7d97098a6c","hash":"3d39139aeb99dc57509049f025c90dffb3bacc67"}
,"C:\\Users\\Lenovo\\Desktop\\Hugb\\lta\\ltamaster\\LateTermAssignment\\src\\logic\\tic.js": {"path":"C:\\Users\\Lenovo\\Desktop\\Hugb\\lta\\ltamaster\\LateTermAssignment\\src\\logic\\tic.js","statementMap":{"0":{"start":{"line":1,"column":12},"end":{"line":1,"column":30}},"1":{"start":{"line":8,"column":2},"end":{"line":8,"column":22}},"2":{"start":{"line":9,"column":2},"end":{"line":9,"column":20}},"3":{"start":{"line":10,"column":2},"end":{"line":10,"column":27}},"4":{"start":{"line":14,"column":2},"end":{"line":16,"column":3}},"5":{"start":{"line":15,"column":3},"end":{"line":15,"column":16}},"6":{"start":{"line":17,"column":2},"end":{"line":24,"column":3}},"7":{"start":{"line":18,"column":3},"end":{"line":18,"column":28}},"8":{"start":{"line":19,"column":3},"end":{"line":19,"column":35}},"9":{"start":{"line":22,"column":3},"end":{"line":22,"column":28}},"10":{"start":{"line":23,"column":3},"end":{"line":23,"column":35}},"11":{"start":{"line":27,"column":2},"end":{"line":27,"column":20}},"12":{"start":{"line":28,"column":2},"end":{"line":28,"column":14}},"13":{"start":{"line":32,"column":2},"end":{"line":32,"column":50}},"14":{"start":{"line":33,"column":2},"end":{"line":33,"column":20}},"15":{"start":{"line":34,"column":2},"end":{"line":35,"column":21}},"16":{"start":{"line":35,"column":2},"end":{"line":35,"column":21}},"17":{"start":{"line":38,"column":2},"end":{"line":38,"column":20}},"18":{"start":{"line":41,"column":2},"end":{"line":41,"column":25}},"19":{"start":{"line":44,"column":2},"end":{"line":51,"column":3}},"20":{"start":{"line":46,"column":3},"end":{"line":47,"column":34}},"21":{"start":{"line":47,"column":4},"end":{"line":47,"column":34}},"22":{"start":{"line":49,"column":3},"end":{"line":50,"column":38}},"23":{"start":{"line":50,"column":4},"end":{"line":50,"column":38}},"24":{"start":{"line":53,"column":2},"end":{"line":54,"column":33}},"25":{"start":{"line":54,"column":3},"end":{"line":54,"column":33}},"26":{"start":{"line":55,"column":2},"end":{"line":56,"column":33}},"27":{"start":{"line":56,"column":3},"end":{"line":56,"column":33}},"28":{"start":{"line":58,"column":2},"end":{"line":59,"column":15}},"29":{"start":{"line":59,"column":4},"end":{"line":59,"column":15}},"30":{"start":{"line":60,"column":2},"end":{"line":60,"column":13}},"31":{"start":{"line":64,"column":2},"end":{"line":64,"column":20}},"32":{"start":{"line":68,"column":2},"end":{"line":68,"column":22}},"33":{"start":{"line":69,"column":2},"end":{"line":69,"column":20}},"34":{"start":{"line":70,"column":2},"end":{"line":70,"column":27}},"35":{"start":{"line":74,"column":0},"end":{"line":74,"column":21}}},"fnMap":{"0":{"name":"(anonymous_0)","decl":{"start":{"line":7,"column":1},"end":{"line":7,"column":2}},"loc":{"start":{"line":7,"column":14},"end":{"line":11,"column":2}},"line":7},"1":{"name":"(anonymous_1)","decl":{"start":{"line":12,"column":1},"end":{"line":12,"column":2}},"loc":{"start":{"line":12,"column":15},"end":{"line":29,"column":2}},"line":12},"2":{"name":"(anonymous_2)","decl":{"start":{"line":31,"column":1},"end":{"line":31,"column":2}},"loc":{"start":{"line":31,"column":19},"end":{"line":36,"column":2}},"line":31},"3":{"name":"(anonymous_3)","decl":{"start":{"line":37,"column":1},"end":{"line":37,"column":2}},"loc":{"start":{"line":37,"column":19},"end":{"line":39,"column":2}},"line":37},"4":{"name":"(anonymous_4)","decl":{"start":{"line":40,"column":1},"end":{"line":40,"column":2}},"loc":{"start":{"line":40,"column":17},"end":{"line":42,"column":2}},"line":40},"5":{"name":"(anonymous_5)","decl":{"start":{"line":43,"column":1},"end":{"line":43,"column":2}},"loc":{"start":{"line":43,"column":12},"end":{"line":61,"column":2}},"line":43},"6":{"name":"(anonymous_6)","decl":{"start":{"line":63,"column":1},"end":{"line":63,"column":2}},"loc":{"start":{"line":63,"column":13},"end":{"line":65,"column":2}},"line":63},"7":{"name":"(anonymous_7)","decl":{"start":{"line":67,"column":1},"end":{"line":67,"column":2}},"loc":{"start":{"line":67,"column":10},"end":{"line":71,"column":2}},"line":67}},"branchMap":{"0":{"loc":{"start":{"line":14,"column":2},"end":{"line":16,"column":3}},"type":"if","locations":[{"start":{"line":14,"column":2},"end":{"line":16,"column":3}},{"start":{"line":14,"column":2},"end":{"line":16,"column":3}}],"line":14},"1":{"loc":{"start":{"line":14,"column":5},"end":{"line":14,"column":63}},"type":"binary-expr","locations":[{"start":{"line":14,"column":5},"end":{"line":14,"column":14}},{"start":{"line":14,"column":18},"end":{"line":14,"column":27}},{"start":{"line":14,"column":31},"end":{"line":14,"column":63}}],"line":14},"2":{"loc":{"start":{"line":17,"column":2},"end":{"line":24,"column":3}},"type":"if","locations":[{"start":{"line":17,"column":2},"end":{"line":24,"column":3}},{"start":{"line":17,"column":2},"end":{"line":24,"column":3}}],"line":17},"3":{"loc":{"start":{"line":34,"column":2},"end":{"line":35,"column":21}},"type":"if","locations":[{"start":{"line":34,"column":2},"end":{"line":35,"column":21}},{"start":{"line":34,"column":2},"end":{"line":35,"column":21}}],"line":34},"4":{"loc":{"start":{"line":46,"column":3},"end":{"line":47,"column":34}},"type":"if","locations":[{"start":{"line":46,"column":3},"end":{"line":47,"column":34}},{"start":{"line":46,"column":3},"end":{"line":47,"column":34}}],"line":46},"5":{"loc":{"start":{"line":46,"column":7},"end":{"line":46,"column":147}},"type":"binary-expr","locations":[{"start":{"line":46,"column":7},"end":{"line":46,"column":35}},{"start":{"line":46,"column":39},"end":{"line":46,"column":91}},{"start":{"line":46,"column":95},"end":{"line":46,"column":147}}],"line":46},"6":{"loc":{"start":{"line":49,"column":3},"end":{"line":50,"column":38}},"type":"if","locations":[{"start":{"line":49,"column":3},"end":{"line":50,"column":38}},{"start":{"line":49,"column":3},"end":{"line":50,"column":38}}],"line":49},"7":{"loc":{"start":{"line":49,"column":7},"end":{"line":49,"column":167}},"type":"binary-expr","locations":[{"start":{"line":49,"column":7},"end":{"line":49,"column":39}},{"start":{"line":49,"column":43},"end":{"line":49,"column":103}},{"start":{"line":49,"column":107},"end":{"line":49,"column":167}}],"line":49},"8":{"loc":{"start":{"line":53,"column":2},"end":{"line":54,"column":33}},"type":"if","locations":[{"start":{"line":53,"column":2},"end":{"line":54,"column":33}},{"start":{"line":53,"column":2},"end":{"line":54,"column":33}}],"line":53},"9":{"loc":{"start":{"line":53,"column":6},"end":{"line":53,"column":138}},"type":"binary-expr","locations":[{"start":{"line":53,"column":6},"end":{"line":53,"column":34}},{"start":{"line":53,"column":38},"end":{"line":53,"column":86}},{"start":{"line":53,"column":90},"end":{"line":53,"column":138}}],"line":53},"10":{"loc":{"start":{"line":55,"column":2},"end":{"line":56,"column":33}},"type":"if","locations":[{"start":{"line":55,"column":2},"end":{"line":56,"column":33}},{"start":{"line":55,"column":2},"end":{"line":56,"column":33}}],"line":55},"11":{"loc":{"start":{"line":55,"column":6},"end":{"line":55,"column":138}},"type":"binary-expr","locations":[{"start":{"line":55,"column":6},"end":{"line":55,"column":34}},{"start":{"line":55,"column":38},"end":{"line":55,"column":86}},{"start":{"line":55,"column":90},"end":{"line":55,"column":138}}],"line":55},"12":{"loc":{"start":{"line":58,"column":2},"end":{"line":59,"column":15}},"type":"if","locations":[{"start":{"line":58,"column":2},"end":{"line":59,"column":15}},{"start":{"line":58,"column":2},"end":{"line":59,"column":15}}],"line":58}},"s":{"0":2,"1":20,"2":20,"3":20,"4":8,"5":3,"6":5,"7":4,"8":4,"9":1,"10":1,"11":5,"12":5,"13":13,"14":13,"15":13,"16":7,"17":3,"18":3,"19":12,"20":30,"21":3,"22":27,"23":3,"24":6,"25":1,"26":5,"27":1,"28":4,"29":1,"30":3,"31":1,"32":1,"33":1,"34":1,"35":2},"f":{"0":20,"1":8,"2":13,"3":3,"4":3,"5":12,"6":1,"7":1},"b":{"0":[3,5],"1":[8,7,6],"2":[4,1],"3":[7,6],"4":[3,27],"5":[30,18,8],"6":[3,24],"7":[27,15,5],"8":[1,5],"9":[6,3,1],"10":[1,4],"11":[5,3,1],"12":[1,3]},"_coverageSchema":"332fd63041d2c1bcb487cc26dd0d5f7d97098a6c","hash":"22bf225dcd2c71b36f7847c24a8fcde2dda926f7"}
,"C:\\Users\\Lenovo\\Desktop\\Hugb\\lta\\ltamaster\\LateTermAssignment\\src\\server\\api.js": {"path":"C:\\Users\\Lenovo\\Desktop\\Hugb\\lta\\ltamaster\\LateTermAssignment\\src\\server\\api.js","statementMap":{"0":{"start":{"line":3,"column":16},"end":{"line":3,"column":34}},"1":{"start":{"line":4,"column":12},"end":{"line":4,"column":28}},"2":{"start":{"line":5,"column":12},"end":{"line":5,"column":35}},"3":{"start":{"line":6,"column":10},"end":{"line":6,"column":17}},"4":{"start":{"line":7,"column":19},"end":{"line":7,"column":41}},"5":{"start":{"line":9,"column":0},"end":{"line":9,"column":27}},"6":{"start":{"line":12,"column":0},"end":{"line":16,"column":3}},"7":{"start":{"line":13,"column":1},"end":{"line":13,"column":51}},"8":{"start":{"line":14,"column":4},"end":{"line":14,"column":97}},"9":{"start":{"line":20,"column":0},"end":{"line":25,"column":3}},"10":{"start":{"line":21,"column":13},"end":{"line":21,"column":30}},"11":{"start":{"line":22,"column":13},"end":{"line":22,"column":30}},"12":{"start":{"line":23,"column":1},"end":{"line":23,"column":51}},"13":{"start":{"line":24,"column":1},"end":{"line":24,"column":94}},"14":{"start":{"line":29,"column":0},"end":{"line":33,"column":3}},"15":{"start":{"line":30,"column":1},"end":{"line":30,"column":51}},"16":{"start":{"line":31,"column":4},"end":{"line":31,"column":82}},"17":{"start":{"line":36,"column":0},"end":{"line":40,"column":3}},"18":{"start":{"line":37,"column":1},"end":{"line":37,"column":15}},"19":{"start":{"line":38,"column":1},"end":{"line":38,"column":17}},"20":{"start":{"line":39,"column":1},"end":{"line":39,"column":55}},"21":{"start":{"line":43,"column":0},"end":{"line":46,"column":3}},"22":{"start":{"line":44,"column":1},"end":{"line":44,"column":51}},"23":{"start":{"line":45,"column":4},"end":{"line":45,"column":81}},"24":{"start":{"line":49,"column":0},"end":{"line":51,"column":5}},"25":{"start":{"line":50,"column":1},"end":{"line":50,"column":73}},"26":{"start":{"line":53,"column":0},"end":{"line":58,"column":3}},"27":{"start":{"line":54,"column":16},"end":{"line":56,"column":1}},"28":{"start":{"line":57,"column":0},"end":{"line":57,"column":30}},"29":{"start":{"line":61,"column":0},"end":{"line":63,"column":5}},"30":{"start":{"line":62,"column":1},"end":{"line":62,"column":73}},"31":{"start":{"line":66,"column":0},"end":{"line":71,"column":4}},"32":{"start":{"line":67,"column":17},"end":{"line":69,"column":2}},"33":{"start":{"line":70,"column":1},"end":{"line":70,"column":31}},"34":{"start":{"line":72,"column":0},"end":{"line":72,"column":21}}},"fnMap":{"0":{"name":"(anonymous_0)","decl":{"start":{"line":12,"column":25},"end":{"line":12,"column":26}},"loc":{"start":{"line":12,"column":40},"end":{"line":16,"column":1}},"line":12},"1":{"name":"(anonymous_1)","decl":{"start":{"line":20,"column":24},"end":{"line":20,"column":25}},"loc":{"start":{"line":20,"column":43},"end":{"line":25,"column":1}},"line":20},"2":{"name":"(anonymous_2)","decl":{"start":{"line":29,"column":25},"end":{"line":29,"column":26}},"loc":{"start":{"line":29,"column":40},"end":{"line":33,"column":1}},"line":29},"3":{"name":"(anonymous_3)","decl":{"start":{"line":36,"column":25},"end":{"line":36,"column":26}},"loc":{"start":{"line":36,"column":44},"end":{"line":40,"column":1}},"line":36},"4":{"name":"(anonymous_4)","decl":{"start":{"line":43,"column":27},"end":{"line":43,"column":28}},"loc":{"start":{"line":43,"column":42},"end":{"line":46,"column":1}},"line":43},"5":{"name":"(anonymous_5)","decl":{"start":{"line":49,"column":13},"end":{"line":49,"column":14}},"loc":{"start":{"line":49,"column":27},"end":{"line":51,"column":3}},"line":49},"6":{"name":"(anonymous_6)","decl":{"start":{"line":53,"column":17},"end":{"line":53,"column":18}},"loc":{"start":{"line":53,"column":31},"end":{"line":58,"column":1}},"line":53},"7":{"name":"(anonymous_7)","decl":{"start":{"line":61,"column":16},"end":{"line":61,"column":17}},"loc":{"start":{"line":61,"column":30},"end":{"line":63,"column":3}},"line":61},"8":{"name":"(anonymous_8)","decl":{"start":{"line":66,"column":20},"end":{"line":66,"column":21}},"loc":{"start":{"line":66,"column":34},"end":{"line":71,"column":2}},"line":66}},"branchMap":{},"s":{"0":1,"1":1,"2":1,"3":1,"4":1,"5":1,"6":1,"7":1,"8":1,"9":1,"10":0,"11":0,"12":0,"13":0,"14":1,"15":2,"16":2,"17":1,"18":0,"19":0,"20":0,"21":1,"22":1,"23":1,"24":1,"25":1,"26":1,"27":1,"28":1,"29":1,"30":1,"31":1,"32":1,"33":1,"34":1},"f":{"0":1,"1":0,"2":2,"3":0,"4":1,"5":1,"6":1,"7":1,"8":1},"b":{},"_coverageSchema":"332fd63041d2c1bcb487cc26dd0d5f7d97098a6c","hash":"c5af8183ea97ae65ceb4f6506db4232e30ba6e53"}
}
