{"C:\\Users\\Tomas\\Documents\\HR\\3. onn tolvunarfraedi\\Hugbúnaðarfræði\\LateTermAssignment\\LateTermAssignment\\src\\logic\\board.js": {"path":"C:\\Users\\Tomas\\Documents\\HR\\3. onn tolvunarfraedi\\Hugbúnaðarfræði\\LateTermAssignment\\LateTermAssignment\\src\\logic\\board.js","statementMap":{"0":{"start":{"line":3,"column":8},"end":{"line":null,"column":-1}},"1":{"start":{"line":7,"column":8},"end":{"line":null,"column":-1}},"2":{"start":{"line":12,"column":8},"end":{"line":null,"column":-1}},"3":{"start":{"line":13,"column":22},"end":{"line":13,"column":8}},"4":{"start":{"line":14,"column":8},"end":{"line":17,"column":9}},"5":{"start":{"line":15,"column":12},"end":{"line":16,"column":16}},"6":{"start":{"line":16,"column":16},"end":{"line":null,"column":-1}},"7":{"start":{"line":18,"column":8},"end":{"line":null,"column":-1}},"8":{"start":{"line":21,"column":8},"end":{"line":22,"column":12}},"9":{"start":{"line":22,"column":12},"end":{"line":null,"column":-1}},"10":{"start":{"line":23,"column":8},"end":{"line":null,"column":-1}},"11":{"start":{"line":26,"column":8},"end":{"line":27,"column":12}},"12":{"start":{"line":27,"column":12},"end":{"line":null,"column":-1}},"13":{"start":{"line":28,"column":8},"end":{"line":null,"column":-1}},"14":{"start":{"line":31,"column":8},"end":{"line":null,"column":-1}},"15":{"start":{"line":35,"column":0},"end":{"line":null,"column":-1}}},"fnMap":{"0":{"name":"(anonymous_0)","decl":{"start":{"line":2,"column":4},"end":{"line":2,"column":16}},"loc":{"start":{"line":2,"column":17},"end":{"line":4,"column":5}}},"1":{"name":"(anonymous_1)","decl":{"start":{"line":6,"column":4},"end":{"line":6,"column":14}},"loc":{"start":{"line":6,"column":15},"end":{"line":8,"column":5}}},"2":{"name":"(anonymous_2)","decl":{"start":{"line":11,"column":4},"end":{"line":11,"column":12}},"loc":{"start":{"line":11,"column":23},"end":{"line":19,"column":5}}},"3":{"name":"(anonymous_3)","decl":{"start":{"line":20,"column":4},"end":{"line":20,"column":12}},"loc":{"start":{"line":20,"column":30},"end":{"line":24,"column":5}}},"4":{"name":"(anonymous_4)","decl":{"start":{"line":25,"column":4},"end":{"line":25,"column":12}},"loc":{"start":{"line":25,"column":19},"end":{"line":29,"column":5}}},"5":{"name":"(anonymous_5)","decl":{"start":{"line":30,"column":4},"end":{"line":30,"column":15}},"loc":{"start":{"line":30,"column":16},"end":{"line":32,"column":5}}}},"branchMap":{"0":{"loc":{"start":{"line":15,"column":12},"end":{"line":16,"column":16}},"type":"if","locations":[{"start":{"line":15,"column":12},"end":{"line":16,"column":16}},{"start":{"line":15,"column":12},"end":{"line":16,"column":16}}]},"1":{"loc":{"start":{"line":21,"column":8},"end":{"line":22,"column":12}},"type":"if","locations":[{"start":{"line":21,"column":8},"end":{"line":22,"column":12}},{"start":{"line":21,"column":8},"end":{"line":22,"column":12}}]},"2":{"loc":{"start":{"line":21,"column":11},"end":{"line":21,"column":10}},"type":"binary-expr","locations":[{"start":{"line":21,"column":11},"end":{"line":21,"column":10}},{"start":{"line":21,"column":24},"end":{"line":21,"column":8}}]},"3":{"loc":{"start":{"line":26,"column":8},"end":{"line":27,"column":12}},"type":"if","locations":[{"start":{"line":26,"column":8},"end":{"line":27,"column":12}},{"start":{"line":26,"column":8},"end":{"line":27,"column":12}}]},"4":{"loc":{"start":{"line":26,"column":11},"end":{"line":26,"column":10}},"type":"binary-expr","locations":[{"start":{"line":26,"column":11},"end":{"line":26,"column":10}},{"start":{"line":26,"column":24},"end":{"line":26,"column":8}}]}},"s":{"0":0,"1":0,"2":0,"3":0,"4":0,"5":0,"6":0,"7":0,"8":0,"9":0,"10":0,"11":0,"12":0,"13":0,"14":0,"15":0},"f":{"0":0,"1":0,"2":0,"3":0,"4":0,"5":0},"b":{"0":[0,0],"1":[0,0],"2":[0,0],"3":[0,0],"4":[0,0]}}
,"C:\\Users\\Tomas\\Documents\\HR\\3. onn tolvunarfraedi\\Hugbúnaðarfræði\\LateTermAssignment\\LateTermAssignment\\src\\logic\\tic.js": {"path":"C:\\Users\\Tomas\\Documents\\HR\\3. onn tolvunarfraedi\\Hugbúnaðarfræði\\LateTermAssignment\\LateTermAssignment\\src\\logic\\tic.js","statementMap":{"0":{"start":{"line":1,"column":12},"end":{"line":1,"column":0}},"1":{"start":{"line":8,"column":2},"end":{"line":null,"column":-1}},"2":{"start":{"line":9,"column":2},"end":{"line":null,"column":-1}},"3":{"start":{"line":10,"column":2},"end":{"line":null,"column":-1}},"4":{"start":{"line":13,"column":2},"end":{"line":15,"column":3}},"5":{"start":{"line":14,"column":3},"end":{"line":null,"column":-1}},"6":{"start":{"line":16,"column":2},"end":{"line":23,"column":3}},"7":{"start":{"line":17,"column":3},"end":{"line":null,"column":-1}},"8":{"start":{"line":18,"column":3},"end":{"line":null,"column":-1}},"9":{"start":{"line":21,"column":3},"end":{"line":null,"column":-1}},"10":{"start":{"line":22,"column":3},"end":{"line":null,"column":-1}},"11":{"start":{"line":24,"column":2},"end":{"line":null,"column":-1}},"12":{"start":{"line":25,"column":2},"end":{"line":null,"column":-1}},"13":{"start":{"line":28,"column":2},"end":{"line":null,"column":-1}},"14":{"start":{"line":29,"column":2},"end":{"line":null,"column":-1}},"15":{"start":{"line":30,"column":2},"end":{"line":31,"column":2}},"16":{"start":{"line":31,"column":2},"end":{"line":null,"column":-1}},"17":{"start":{"line":34,"column":2},"end":{"line":null,"column":-1}},"18":{"start":{"line":37,"column":2},"end":{"line":null,"column":-1}},"19":{"start":{"line":40,"column":2},"end":{"line":45,"column":3}},"20":{"start":{"line":41,"column":3},"end":{"line":42,"column":4}},"21":{"start":{"line":42,"column":4},"end":{"line":null,"column":-1}},"22":{"start":{"line":43,"column":3},"end":{"line":44,"column":4}},"23":{"start":{"line":44,"column":4},"end":{"line":null,"column":-1}},"24":{"start":{"line":46,"column":2},"end":{"line":47,"column":3}},"25":{"start":{"line":47,"column":3},"end":{"line":null,"column":-1}},"26":{"start":{"line":48,"column":2},"end":{"line":49,"column":3}},"27":{"start":{"line":49,"column":3},"end":{"line":null,"column":-1}},"28":{"start":{"line":50,"column":2},"end":{"line":51,"column":4}},"29":{"start":{"line":51,"column":4},"end":{"line":null,"column":-1}},"30":{"start":{"line":52,"column":2},"end":{"line":null,"column":-1}},"31":{"start":{"line":55,"column":2},"end":{"line":null,"column":-1}},"32":{"start":{"line":58,"column":2},"end":{"line":null,"column":-1}},"33":{"start":{"line":59,"column":2},"end":{"line":null,"column":-1}},"34":{"start":{"line":60,"column":2},"end":{"line":null,"column":-1}},"35":{"start":{"line":64,"column":0},"end":{"line":null,"column":-1}}},"fnMap":{"0":{"name":"(anonymous_0)","decl":{"start":{"line":7,"column":1},"end":{"line":7,"column":13}},"loc":{"start":{"line":7,"column":14},"end":{"line":11,"column":2}}},"1":{"name":"(anonymous_1)","decl":{"start":{"line":12,"column":1},"end":{"line":12,"column":7}},"loc":{"start":{"line":12,"column":15},"end":{"line":26,"column":2}}},"2":{"name":"(anonymous_2)","decl":{"start":{"line":27,"column":1},"end":{"line":27,"column":9}},"loc":{"start":{"line":27,"column":19},"end":{"line":32,"column":2}}},"3":{"name":"(anonymous_3)","decl":{"start":{"line":33,"column":1},"end":{"line":33,"column":18}},"loc":{"start":{"line":33,"column":19},"end":{"line":35,"column":2}}},"4":{"name":"(anonymous_4)","decl":{"start":{"line":36,"column":1},"end":{"line":36,"column":16}},"loc":{"start":{"line":36,"column":17},"end":{"line":38,"column":2}}},"5":{"name":"(anonymous_5)","decl":{"start":{"line":39,"column":1},"end":{"line":39,"column":11}},"loc":{"start":{"line":39,"column":12},"end":{"line":53,"column":2}}},"6":{"name":"(anonymous_6)","decl":{"start":{"line":54,"column":1},"end":{"line":54,"column":12}},"loc":{"start":{"line":54,"column":13},"end":{"line":56,"column":2}}},"7":{"name":"(anonymous_7)","decl":{"start":{"line":57,"column":1},"end":{"line":57,"column":9}},"loc":{"start":{"line":57,"column":10},"end":{"line":61,"column":2}}}},"branchMap":{"0":{"loc":{"start":{"line":13,"column":2},"end":{"line":15,"column":3}},"type":"if","locations":[{"start":{"line":13,"column":2},"end":{"line":15,"column":3}},{"start":{"line":13,"column":2},"end":{"line":15,"column":3}}]},"1":{"loc":{"start":{"line":13,"column":5},"end":{"line":13,"column":4}},"type":"binary-expr","locations":[{"start":{"line":13,"column":5},"end":{"line":13,"column":4}},{"start":{"line":13,"column":18},"end":{"line":13,"column":5}},{"start":{"line":13,"column":31},"end":{"line":13,"column":2}}]},"2":{"loc":{"start":{"line":16,"column":2},"end":{"line":23,"column":3}},"type":"if","locations":[{"start":{"line":16,"column":2},"end":{"line":23,"column":3}},{"start":{"line":16,"column":2},"end":{"line":23,"column":3}}]},"3":{"loc":{"start":{"line":30,"column":2},"end":{"line":31,"column":2}},"type":"if","locations":[{"start":{"line":30,"column":2},"end":{"line":31,"column":2}},{"start":{"line":30,"column":2},"end":{"line":31,"column":2}}]},"4":{"loc":{"start":{"line":41,"column":3},"end":{"line":42,"column":4}},"type":"if","locations":[{"start":{"line":41,"column":3},"end":{"line":42,"column":4}},{"start":{"line":41,"column":3},"end":{"line":42,"column":4}}]},"5":{"loc":{"start":{"line":41,"column":7},"end":{"line":41,"column":6}},"type":"binary-expr","locations":[{"start":{"line":41,"column":7},"end":{"line":41,"column":6}},{"start":{"line":41,"column":39},"end":{"line":41,"column":7}},{"start":{"line":41,"column":95},"end":{"line":41,"column":3}}]},"6":{"loc":{"start":{"line":43,"column":3},"end":{"line":44,"column":4}},"type":"if","locations":[{"start":{"line":43,"column":3},"end":{"line":44,"column":4}},{"start":{"line":43,"column":3},"end":{"line":44,"column":4}}]},"7":{"loc":{"start":{"line":43,"column":7},"end":{"line":43,"column":6}},"type":"binary-expr","locations":[{"start":{"line":43,"column":7},"end":{"line":43,"column":6}},{"start":{"line":43,"column":43},"end":{"line":43,"column":7}},{"start":{"line":43,"column":107},"end":{"line":43,"column":3}}]},"8":{"loc":{"start":{"line":46,"column":2},"end":{"line":47,"column":3}},"type":"if","locations":[{"start":{"line":46,"column":2},"end":{"line":47,"column":3}},{"start":{"line":46,"column":2},"end":{"line":47,"column":3}}]},"9":{"loc":{"start":{"line":46,"column":6},"end":{"line":46,"column":5}},"type":"binary-expr","locations":[{"start":{"line":46,"column":6},"end":{"line":46,"column":5}},{"start":{"line":46,"column":38},"end":{"line":46,"column":6}},{"start":{"line":46,"column":90},"end":{"line":46,"column":2}}]},"10":{"loc":{"start":{"line":48,"column":2},"end":{"line":49,"column":3}},"type":"if","locations":[{"start":{"line":48,"column":2},"end":{"line":49,"column":3}},{"start":{"line":48,"column":2},"end":{"line":49,"column":3}}]},"11":{"loc":{"start":{"line":48,"column":6},"end":{"line":48,"column":5}},"type":"binary-expr","locations":[{"start":{"line":48,"column":6},"end":{"line":48,"column":5}},{"start":{"line":48,"column":38},"end":{"line":48,"column":6}},{"start":{"line":48,"column":90},"end":{"line":48,"column":2}}]},"12":{"loc":{"start":{"line":50,"column":2},"end":{"line":51,"column":4}},"type":"if","locations":[{"start":{"line":50,"column":2},"end":{"line":51,"column":4}},{"start":{"line":50,"column":2},"end":{"line":51,"column":4}}]}},"s":{"0":0,"1":0,"2":0,"3":0,"4":0,"5":0,"6":0,"7":0,"8":0,"9":0,"10":0,"11":0,"12":0,"13":0,"14":0,"15":0,"16":0,"17":0,"18":0,"19":0,"20":0,"21":0,"22":0,"23":0,"24":0,"25":0,"26":0,"27":0,"28":0,"29":0,"30":0,"31":0,"32":0,"33":0,"34":0,"35":0},"f":{"0":0,"1":0,"2":0,"3":0,"4":0,"5":0,"6":0,"7":0},"b":{"0":[0,0],"1":[0,0,0],"2":[0,0],"3":[0,0],"4":[0,0],"5":[0,0,0],"6":[0,0],"7":[0,0,0],"8":[0,0],"9":[0,0,0],"10":[0,0],"11":[0,0,0],"12":[0,0]}}
,"C:\\Users\\Tomas\\Documents\\HR\\3. onn tolvunarfraedi\\Hugbúnaðarfræði\\LateTermAssignment\\LateTermAssignment\\src\\server\\api.js": {"path":"C:\\Users\\Tomas\\Documents\\HR\\3. onn tolvunarfraedi\\Hugbúnaðarfræði\\LateTermAssignment\\LateTermAssignment\\src\\server\\api.js","statementMap":{"0":{"start":{"line":3,"column":16},"end":{"line":3,"column":0}},"1":{"start":{"line":4,"column":12},"end":{"line":4,"column":0}},"2":{"start":{"line":5,"column":12},"end":{"line":5,"column":0}},"3":{"start":{"line":6,"column":10},"end":{"line":6,"column":0}},"4":{"start":{"line":7,"column":19},"end":{"line":7,"column":0}},"5":{"start":{"line":9,"column":0},"end":{"line":null,"column":-1}},"6":{"start":{"line":12,"column":0},"end":{"line":null,"column":-1}},"7":{"start":{"line":13,"column":1},"end":{"line":null,"column":-1}},"8":{"start":{"line":14,"column":4},"end":{"line":null,"column":-1}},"9":{"start":{"line":20,"column":0},"end":{"line":null,"column":-1}},"10":{"start":{"line":21,"column":13},"end":{"line":21,"column":1}},"11":{"start":{"line":22,"column":13},"end":{"line":22,"column":1}},"12":{"start":{"line":23,"column":1},"end":{"line":null,"column":-1}},"13":{"start":{"line":28,"column":0},"end":{"line":null,"column":-1}},"14":{"start":{"line":29,"column":1},"end":{"line":null,"column":-1}},"15":{"start":{"line":30,"column":4},"end":{"line":null,"column":-1}},"16":{"start":{"line":35,"column":0},"end":{"line":null,"column":-1}},"17":{"start":{"line":36,"column":1},"end":{"line":null,"column":-1}},"18":{"start":{"line":37,"column":1},"end":{"line":null,"column":-1}},"19":{"start":{"line":38,"column":1},"end":{"line":null,"column":-1}},"20":{"start":{"line":41,"column":0},"end":{"line":null,"column":-1}}},"fnMap":{"0":{"name":"(anonymous_0)","decl":{"start":{"line":12,"column":25},"end":{"line":12,"column":26}},"loc":{"start":{"line":12,"column":40},"end":{"line":12,"column":0}}},"1":{"name":"(anonymous_1)","decl":{"start":{"line":20,"column":24},"end":{"line":20,"column":32}},"loc":{"start":{"line":20,"column":43},"end":{"line":20,"column":0}}},"2":{"name":"(anonymous_2)","decl":{"start":{"line":28,"column":25},"end":{"line":28,"column":26}},"loc":{"start":{"line":28,"column":40},"end":{"line":28,"column":0}}},"3":{"name":"(anonymous_3)","decl":{"start":{"line":35,"column":25},"end":{"line":35,"column":33}},"loc":{"start":{"line":35,"column":44},"end":{"line":35,"column":0}}}},"branchMap":{},"s":{"0":0,"1":0,"2":0,"3":0,"4":0,"5":0,"6":0,"7":0,"8":0,"9":0,"10":0,"11":0,"12":0,"13":0,"14":0,"15":0,"16":0,"17":0,"18":0,"19":0,"20":0},"f":{"0":0,"1":0,"2":0,"3":0},"b":{}}
}
