TN:
SF:C:\Users\Lenovo\Desktop\Hugb\lta\ltamaster\LateTermAssignment\src\logic\board.js
FN:2,(anonymous_0)
FN:6,(anonymous_1)
FN:11,(anonymous_2)
FN:22,(anonymous_3)
FN:28,(anonymous_4)
FN:33,(anonymous_5)
FNF:6
FNH:5
FNDA:21,(anonymous_0)
FNDA:2,(anonymous_1)
FNDA:13,(anonymous_2)
FNDA:5,(anonymous_3)
FNDA:191,(anonymous_4)
FNDA:0,(anonymous_5)
DA:3,21
DA:7,2
DA:12,13
DA:13,13
DA:14,13
DA:15,117
DA:16,75
DA:18,13
DA:23,5
DA:24,0
DA:25,5
DA:29,191
DA:30,0
DA:31,191
DA:34,0
DA:38,2
LF:16
LH:13
BRDA:15,0,0,75
BRDA:15,0,1,42
BRDA:23,1,0,0
BRDA:23,1,1,5
BRDA:23,2,0,5
BRDA:23,2,1,5
BRDA:29,3,0,0
BRDA:29,3,1,191
BRDA:29,4,0,191
BRDA:29,4,1,191
BRF:10
BRH:8
end_of_record
TN:
SF:C:\Users\Lenovo\Desktop\Hugb\lta\ltamaster\LateTermAssignment\src\logic\tic.js
FN:7,(anonymous_0)
FN:12,(anonymous_1)
FN:31,(anonymous_2)
FN:37,(anonymous_3)
FN:40,(anonymous_4)
FN:43,(anonymous_5)
FN:63,(anonymous_6)
FN:67,(anonymous_7)
FNF:8
FNH:8
FNDA:20,(anonymous_0)
FNDA:8,(anonymous_1)
FNDA:13,(anonymous_2)
FNDA:3,(anonymous_3)
FNDA:3,(anonymous_4)
FNDA:12,(anonymous_5)
FNDA:1,(anonymous_6)
FNDA:1,(anonymous_7)
DA:1,2
DA:8,20
DA:9,20
DA:10,20
DA:14,8
DA:15,3
DA:17,5
DA:18,4
DA:19,4
DA:22,1
DA:23,1
DA:27,5
DA:28,5
DA:32,13
DA:33,13
DA:34,13
DA:35,7
DA:38,3
DA:41,3
DA:44,12
DA:46,30
DA:47,3
DA:49,27
DA:50,3
DA:53,6
DA:54,1
DA:55,5
DA:56,1
DA:58,4
DA:59,1
DA:60,3
DA:64,1
DA:68,1
DA:69,1
DA:70,1
DA:74,2
LF:36
LH:36
BRDA:14,0,0,3
BRDA:14,0,1,5
BRDA:14,1,0,8
BRDA:14,1,1,7
BRDA:14,1,2,6
BRDA:17,2,0,4
BRDA:17,2,1,1
BRDA:34,3,0,7
BRDA:34,3,1,6
BRDA:46,4,0,3
BRDA:46,4,1,27
BRDA:46,5,0,30
BRDA:46,5,1,18
BRDA:46,5,2,8
BRDA:49,6,0,3
BRDA:49,6,1,24
BRDA:49,7,0,27
BRDA:49,7,1,15
BRDA:49,7,2,5
BRDA:53,8,0,1
BRDA:53,8,1,5
BRDA:53,9,0,6
BRDA:53,9,1,3
BRDA:53,9,2,1
BRDA:55,10,0,1
BRDA:55,10,1,4
BRDA:55,11,0,5
BRDA:55,11,1,3
BRDA:55,11,2,1
BRDA:58,12,0,1
BRDA:58,12,1,3
BRF:31
BRH:31
end_of_record
TN:
SF:C:\Users\Lenovo\Desktop\Hugb\lta\ltamaster\LateTermAssignment\src\server\api.js
FN:12,(anonymous_0)
FN:20,(anonymous_1)
FN:29,(anonymous_2)
FN:36,(anonymous_3)
FN:43,(anonymous_4)
FN:49,(anonymous_5)
FN:53,(anonymous_6)
FN:61,(anonymous_7)
FN:66,(anonymous_8)
FNF:9
FNH:7
FNDA:1,(anonymous_0)
FNDA:0,(anonymous_1)
FNDA:2,(anonymous_2)
FNDA:0,(anonymous_3)
FNDA:1,(anonymous_4)
FNDA:1,(anonymous_5)
FNDA:1,(anonymous_6)
FNDA:1,(anonymous_7)
FNDA:1,(anonymous_8)
DA:3,1
DA:4,1
DA:5,1
DA:6,1
DA:7,1
DA:9,1
DA:12,1
DA:13,1
DA:14,1
DA:20,1
DA:21,0
DA:22,0
DA:23,0
DA:24,0
DA:29,1
DA:30,2
DA:31,2
DA:36,1
DA:37,0
DA:38,0
DA:39,0
DA:43,1
DA:44,1
DA:45,1
DA:49,1
DA:50,1
DA:53,1
DA:54,1
DA:57,1
DA:61,1
DA:62,1
DA:66,1
DA:67,1
DA:70,1
DA:72,1
LF:35
LH:28
BRF:0
BRH:0
end_of_record
